d:\directx2dgame\directx2d_game\directx_2d_game\log\vc142.pdb
d:\directx2dgame\directx2d_game\directx_2d_game\log\vc142.idb
d:\directx2dgame\directx2d_game\directx_2d_game\log\game.obj
d:\directx2dgame\directx2d_game\directx_2d_game\log\dungeon.obj
d:\directx2dgame\directx2d_game\directx_2d_game\log\damagepont.obj
d:\directx2dgame\directx2d_game\directx_2d_game\log\cscenemanager.obj
d:\directx2dgame\directx2d_game\directx_2d_game\log\cscene.obj
d:\directx2dgame\directx2d_game\directx_2d_game\log\cpig.obj
d:\directx2dgame\directx2d_game\directx_2d_game\log\collisionpoint.obj
d:\directx2dgame\directx2d_game\directx_2d_game\log\collisionmanager.obj
d:\directx2dgame\directx2d_game\directx_2d_game\log\colinderrect.obj
d:\directx2dgame\directx2d_game\directx_2d_game\log\colinder.obj
d:\directx2dgame\directx2d_game\directx_2d_game\log\cmath.obj
d:\directx2dgame\directx2d_game\directx_2d_game\log\cingamescene.obj
d:\directx2dgame\directx2d_game\directx_2d_game\log\chpbar.obj
d:\directx2dgame\directx2d_game\directx_2d_game\log\celiniascene.obj
d:\directx2dgame\directx2d_game\directx_2d_game\log\cdungeonscene2.obj
d:\directx2dgame\directx2d_game\directx_2d_game\log\cdungeonscecne.obj
d:\directx2dgame\directx2d_game\directx_2d_game\log\cdungeon2.obj
d:\directx2dgame\directx2d_game\directx_2d_game\log\ccore.obj
d:\directx2dgame\directx2d_game\directx_2d_game\log\canimation.obj
d:\directx2dgame\directx2d_game\directx_2d_game\log\camera.obj
d:\directx2dgame\directx2d_game\directx_2d_game\log\startscene.obj
d:\directx2dgame\directx2d_game\directx_2d_game\log\stage.obj
d:\directx2dgame\directx2d_game\directx_2d_game\log\slime.obj
d:\directx2dgame\directx2d_game\directx_2d_game\log\rope.obj
d:\directx2dgame\directx2d_game\directx_2d_game\log\resourcesmanager.obj
d:\directx2dgame\directx2d_game\directx_2d_game\log\ref.obj
d:\directx2dgame\directx2d_game\directx_2d_game\log\portal.obj
d:\directx2dgame\directx2d_game\directx_2d_game\log\player.obj
d:\directx2dgame\directx2d_game\directx_2d_game\log\pixel.obj
d:\directx2dgame\directx2d_game\directx_2d_game\log\pathmanager.obj
d:\directx2dgame\directx2d_game\directx_2d_game\log\obj.obj
d:\directx2dgame\directx2d_game\directx_2d_game\log\mushroom.obj
d:\directx2dgame\directx2d_game\directx_2d_game\log\moveobj.obj
d:\directx2dgame\directx2d_game\directx_2d_game\log\mouse.obj
d:\directx2dgame\directx2d_game\directx_2d_game\log\monster.obj
d:\directx2dgame\directx2d_game\directx_2d_game\log\main.obj
d:\directx2dgame\directx2d_game\directx_2d_game\log\layer.obj
d:\directx2dgame\directx2d_game\directx_2d_game\log\input.obj
d:\directx2dgame\directx2d_game\directx_2d_game\log\ground.obj
d:\directx2dgame\directx2d_game\directx_2d_game\log\gamestartbutton.obj
d:\directx2dgame\directx2d_game\directx_2d_game\log\weapon.obj
d:\directx2dgame\directx2d_game\directx_2d_game\log\uipanel.obj
d:\directx2dgame\directx2d_game\directx_2d_game\log\uibutton.obj
d:\directx2dgame\directx2d_game\directx_2d_game\log\ui.obj
d:\directx2dgame\directx2d_game\directx_2d_game\log\timer.obj
d:\directx2dgame\directx2d_game\directx_2d_game\log\texture.obj
d:\directx2dgame\directx2d_game\directx_2d_game\log\staticobj.obj
d:\directx2dgame\directx2d_game\directx_2d_game\log\cdungeon.obj
d:\directx2dgame\directx2d_game\directx_2d_game\log\winmain.obj
d:\directx2dgame\directx2d_game\directx_2d_game\log\bullet.obj
d:\directx2dgame\directx2d_game\directx_2d_game\log\directx_2d_game.tlog\cl.command.1.tlog
d:\directx2dgame\directx2d_game\directx_2d_game\log\directx_2d_game.tlog\cl.read.1.tlog
d:\directx2dgame\directx2d_game\directx_2d_game\log\directx_2d_game.tlog\cl.write.1.tlog
d:\directx2dgame\directx2d_game\directx_2d_game\log\directx_2d_game.tlog\link-cvtres.read.1.tlog
d:\directx2dgame\directx2d_game\directx_2d_game\log\directx_2d_game.tlog\link-cvtres.write.1.tlog
d:\directx2dgame\directx2d_game\directx_2d_game\log\directx_2d_game.tlog\link-rc.read.1.tlog
d:\directx2dgame\directx2d_game\directx_2d_game\log\directx_2d_game.tlog\link-rc.write.1.tlog
d:\directx2dgame\directx2d_game\directx_2d_game\log\directx_2d_game.tlog\link.13644-cvtres.read.1.tlog
d:\directx2dgame\directx2d_game\directx_2d_game\log\directx_2d_game.tlog\link.13644-cvtres.write.1.tlog
d:\directx2dgame\directx2d_game\directx_2d_game\log\directx_2d_game.tlog\link.13644-rc.read.1.tlog
d:\directx2dgame\directx2d_game\directx_2d_game\log\directx_2d_game.tlog\link.13644-rc.write.1.tlog
d:\directx2dgame\directx2d_game\directx_2d_game\log\directx_2d_game.tlog\link.13644.read.1.tlog
d:\directx2dgame\directx2d_game\directx_2d_game\log\directx_2d_game.tlog\link.13644.write.1.tlog
d:\directx2dgame\directx2d_game\directx_2d_game\log\directx_2d_game.tlog\link.command.1.tlog
d:\directx2dgame\directx2d_game\directx_2d_game\log\directx_2d_game.tlog\link.read.1.tlog
d:\directx2dgame\directx2d_game\directx_2d_game\log\directx_2d_game.tlog\link.write.1.tlog
